<?xml version="1.0" encoding="UTF-8"?>
<testng-results skipped="0" failed="0" ignored="0" total="2" passed="2">
  <reporter-output>
  </reporter-output>
  <suite name="Suite" duration-ms="15756" started-at="2019-08-03T08:45:06Z" finished-at="2019-08-03T08:45:22Z">
    <groups>
    </groups>
    <test name="Test" duration-ms="15756" started-at="2019-08-03T08:45:06Z" finished-at="2019-08-03T08:45:22Z">
      <class name="class2">
        <test-method status="PASS" signature="f()[pri:0, instance:class2@783e6358]" name="f" duration-ms="8439" started-at="2019-08-03T08:45:06Z" finished-at="2019-08-03T08:45:15Z">
          <reporter-output>
          </reporter-output>
        </test-method> <!-- f -->
        <test-method status="PASS" signature="f1()[pri:0, instance:class2@783e6358]" name="f1" duration-ms="7288" started-at="2019-08-03T08:45:15Z" finished-at="2019-08-03T08:45:22Z">
          <reporter-output>
          </reporter-output>
        </test-method> <!-- f1 -->
      </class> <!-- class2 -->
    </test> <!-- Test -->
  </suite> <!-- Suite -->
</testng-results>
