<?xml version="1.0" encoding="UTF-8"?>
<testng-results skipped="0" failed="0" ignored="0" total="2" passed="2">
  <reporter-output>
  </reporter-output>
  <suite name="Default suite" duration-ms="17673" started-at="2019-08-03T08:44:26Z" finished-at="2019-08-03T08:44:44Z">
    <groups>
    </groups>
    <test name="Default test" duration-ms="17673" started-at="2019-08-03T08:44:26Z" finished-at="2019-08-03T08:44:44Z">
      <class name="class2">
        <test-method status="PASS" signature="f()[pri:0, instance:class2@8bd1b6a]" name="f" duration-ms="10200" started-at="2019-08-03T08:44:26Z" finished-at="2019-08-03T08:44:37Z">
          <reporter-output>
          </reporter-output>
        </test-method> <!-- f -->
        <test-method status="PASS" signature="f1()[pri:0, instance:class2@8bd1b6a]" name="f1" duration-ms="7420" started-at="2019-08-03T08:44:37Z" finished-at="2019-08-03T08:44:44Z">
          <reporter-output>
          </reporter-output>
        </test-method> <!-- f1 -->
      </class> <!-- class2 -->
    </test> <!-- Default test -->
  </suite> <!-- Default suite -->
</testng-results>
